<?xml version="1.0" encoding="UTF-8"?>
<!-- Generated by org.testng.reporters.JUnitXMLReporter -->
<testsuite ignored="0" hostname="LAPTOP-LGOTJ6DG" failures="1" tests="1" name="Test" time="19.913" errors="0" timestamp="2023-07-04T17:54:58 IST">
  <testcase classname="test.PB_TC_1020_ValidatePolicyUserName" name="validateUserName" time="0.678">
    <failure type="java.lang.AssertionError" message="TC is failed actualUN and EXPUN is not matched expected [Rashtratej Sawai1] but found [Rashtratej Sawai]">
      <![CDATA[java.lang.AssertionError: TC is failed actualUN and EXPUN is not matched expected [Rashtratej Sawai1] but found [Rashtratej Sawai]
at test.PB_TC_1020_ValidatePolicyUserName.validateUserName(PB_TC_1020_ValidatePolicyUserName.java:74)
at java.base/java.util.ArrayList.forEach(ArrayList.java:1511)
... Removed 30 stack frames]]>
    </failure>
  </testcase> <!-- validateUserName -->
</testsuite> <!-- Test -->
